<?xml version="1.0" encoding="UTF-8"?>
<!-- Generated by org.testng.reporters.JUnitReportReporter -->
<testsuite hostname="MrParagJog-PC" name="com.pagefactory.framework.Test01" tests="1" failures="0" timestamp="31 May 2017 05:49:18 GMT" time="0.025" errors="0">
  <testcase name="MyTest01" time="0.025" classname="com.pagefactory.framework.Test01"/>
</testsuite> <!-- com.pagefactory.framework.Test01 -->
