<?xml version="1.0" encoding="UTF-8"?>
<!-- Generated by org.testng.reporters.JUnitReportReporter -->
<testsuite hostname="MrParagJog-PC" name="com.pagefactory.framework.ndtvMainPage" tests="1" failures="0" timestamp="1 Jun 2017 07:07:30 GMT" time="22.178" errors="0">
  <testcase name="TestMainPage" time="22.178" classname="com.pagefactory.framework.ndtvMainPage"/>
</testsuite> <!-- com.pagefactory.framework.ndtvMainPage -->
